<?xml version="1.0" encoding="UTF-8"?>
<testng-results ignored="0" total="1" passed="1" failed="0" skipped="0">
  <reporter-output>
  </reporter-output>
  <suite started-at="2020-11-07T21:26:02 IST" name="Default suite" finished-at="2020-11-07T21:26:23 IST" duration-ms="20862">
    <groups>
      <group name="cucumber">
        <method signature="AbstractTestNGCucumberTests.feature(cucumber.api.testng.CucumberFeatureWrapper)[pri:0, instance:Runner.TestRunner@d6e7bab]" name="feature" class="cucumber.api.testng.AbstractTestNGCucumberTests"/>
      </group> <!-- cucumber -->
    </groups>
    <test started-at="2020-11-07T21:26:02 IST" name="Default test" finished-at="2020-11-07T21:26:23 IST" duration-ms="20862">
      <class name="Runner.TestRunner">
        <test-method is-config="true" signature="setUpClass()[pri:0, instance:Runner.TestRunner@d6e7bab]" started-at="2020-11-07T21:26:02 IST" name="setUpClass" finished-at="2020-11-07T21:26:02 IST" duration-ms="349" status="PASS">
          <reporter-output>
          </reporter-output>
        </test-method> <!-- setUpClass -->
        <test-method signature="feature(cucumber.api.testng.CucumberFeatureWrapper)[pri:0, instance:Runner.TestRunner@d6e7bab]" started-at="2020-11-07T21:26:03 IST" name="feature" description="Runs Cucumber Feature" data-provider="features" finished-at="2020-11-07T21:26:23 IST" duration-ms="20369" status="PASS">
          <params>
            <param index="0">
              <value>
                <![CDATA[Guru 99 login]]>
              </value>
            </param>
          </params>
          <reporter-output>
          </reporter-output>
        </test-method> <!-- feature -->
        <test-method is-config="true" signature="tearDownClass()[pri:0, instance:Runner.TestRunner@d6e7bab]" started-at="2020-11-07T21:26:23 IST" name="tearDownClass" finished-at="2020-11-07T21:26:23 IST" duration-ms="4" status="PASS">
          <reporter-output>
          </reporter-output>
        </test-method> <!-- tearDownClass -->
      </class> <!-- Runner.TestRunner -->
    </test> <!-- Default test -->
  </suite> <!-- Default suite -->
</testng-results>
